<?xml version="1.0" encoding="UTF-8"?>
<!-- Generated by org.testng.reporters.JUnitReportReporter -->
<testsuite skipped="0" hostname="Riversupport" name="com.qa.test.RestapiTest" tests="1" failures="0" timestamp="2020-02-17T12:23:23 IST" time="3.600" errors="0">
  <testcase name="test" time="3.600" classname="com.qa.test.RestapiTest"/>
</testsuite> <!-- com.qa.test.RestapiTest -->
